0 info it worked if it ends with ok
1 verbose cli [ 'node',
1 verbose cli   '/usr/local/bin/npm',
1 verbose cli   'install',
1 verbose cli   'firebase-tools@^2.9.9',
1 verbose cli   '-g' ]
2 info using npm@2.12.1
3 info using node@v0.12.7
4 verbose node symlink /usr/local/bin/node
5 verbose install initial load of /usr/local/lib/package.json
6 verbose readDependencies loading dependencies from /usr/local/lib/package.json
7 silly cache add args [ 'firebase-tools@^2.9.9', null ]
8 verbose cache add spec firebase-tools@^2.9.9
9 silly cache add parsed spec { raw: 'firebase-tools@^2.9.9',
9 silly cache add   scope: null,
9 silly cache add   name: 'firebase-tools',
9 silly cache add   rawSpec: '^2.9.9',
9 silly cache add   spec: '>=2.9.9 <3.0.0',
9 silly cache add   type: 'range' }
10 silly addNamed firebase-tools@>=2.9.9 <3.0.0
11 verbose addNamed ">=2.9.9 <3.0.0" is a valid semver range for firebase-tools
12 silly addNameRange { name: 'firebase-tools',
12 silly addNameRange   range: '>=2.9.9 <3.0.0',
12 silly addNameRange   hasData: false }
13 silly mapToRegistry name firebase-tools
14 silly mapToRegistry using default registry
15 silly mapToRegistry registry https://registry.npmjs.org/
16 silly mapToRegistry uri https://registry.npmjs.org/firebase-tools
17 verbose addNameRange registry:https://registry.npmjs.org/firebase-tools not in flight; fetching
18 verbose request uri https://registry.npmjs.org/firebase-tools
19 verbose request no auth needed
20 info attempt registry request try #1 at 18:38:20
21 verbose request id 6e355bf392c40b64
22 verbose etag "F2J9UIVRW5LJ0OP9WFPS3HTRZ"
23 http request GET https://registry.npmjs.org/firebase-tools
24 http 304 https://registry.npmjs.org/firebase-tools
25 silly get cb [ 304,
25 silly get   { date: 'Tue, 21 Jun 2016 00:38:21 GMT',
25 silly get     via: '1.1 varnish',
25 silly get     'cache-control': 'max-age=300',
25 silly get     etag: '"F2J9UIVRW5LJ0OP9WFPS3HTRZ"',
25 silly get     age: '0',
25 silly get     connection: 'keep-alive',
25 silly get     'x-served-by': 'cache-ord1743-ORD',
25 silly get     'x-cache': 'HIT',
25 silly get     'x-cache-hits': '1',
25 silly get     'x-timer': 'S1466469501.121577,VS0,VE1448',
25 silly get     vary: 'Accept-Encoding' } ]
26 verbose etag https://registry.npmjs.org/firebase-tools from cache
27 verbose get saving firebase-tools to /Users/ethanweeks/.npm/registry.npmjs.org/firebase-tools/.cache.json
28 silly addNameRange number 2 { name: 'firebase-tools',
28 silly addNameRange   range: '>=2.9.9 <3.0.0',
28 silly addNameRange   hasData: true }
29 silly addNameRange versions [ 'firebase-tools',
29 silly addNameRange   [ '0.0.1',
29 silly addNameRange     '0.0.2',
29 silly addNameRange     '0.0.3',
29 silly addNameRange     '0.0.4',
29 silly addNameRange     '0.0.5',
29 silly addNameRange     '0.0.6',
29 silly addNameRange     '0.1.0',
29 silly addNameRange     '0.1.1',
29 silly addNameRange     '0.1.2',
29 silly addNameRange     '0.1.3',
29 silly addNameRange     '0.1.4',
29 silly addNameRange     '0.1.5',
29 silly addNameRange     '0.1.6',
29 silly addNameRange     '0.2.0',
29 silly addNameRange     '0.3.0',
29 silly addNameRange     '0.4.0',
29 silly addNameRange     '0.5.0',
29 silly addNameRange     '1.0.0',
29 silly addNameRange     '1.0.1',
29 silly addNameRange     '1.0.2',
29 silly addNameRange     '1.0.3',
29 silly addNameRange     '1.0.4',
29 silly addNameRange     '1.0.5',
29 silly addNameRange     '1.0.6',
29 silly addNameRange     '1.1.0',
29 silly addNameRange     '1.1.1',
29 silly addNameRange     '1.1.2',
29 silly addNameRange     '1.1.3',
29 silly addNameRange     '1.1.4',
29 silly addNameRange     '1.1.5',
29 silly addNameRange     '1.1.6',
29 silly addNameRange     '1.2.0',
29 silly addNameRange     '2.0.0',
29 silly addNameRange     '2.0.1',
29 silly addNameRange     '2.0.2',
29 silly addNameRange     '2.1.0',
29 silly addNameRange     '2.1.1',
29 silly addNameRange     '2.2.0',
29 silly addNameRange     '2.2.1',
29 silly addNameRange     '3.0.0',
29 silly addNameRange     '3.0.1',
29 silly addNameRange     '3.0.2' ] ]
30 verbose stack Error: No compatible version found: firebase-tools@'>=2.9.9 <3.0.0'
30 verbose stack Valid install targets:
30 verbose stack ["0.0.1","0.0.2","0.0.3","0.0.4","0.0.5","0.0.6","0.1.0","0.1.1","0.1.2","0.1.3","0.1.4","0.1.5","0.1.6","0.2.0","0.3.0","0.4.0","0.5.0","1.0.0","1.0.1","1.0.2","1.0.3","1.0.4","1.0.5","1.0.6","1.1.0","1.1.1","1.1.2","1.1.3","1.1.4","1.1.5","1.1.6","1.2.0","2.0.0","2.0.1","2.0.2","2.1.0","2.1.1","2.2.0","2.2.1","3.0.0","3.0.1","3.0.2"]
30 verbose stack
30 verbose stack     at installTargetsError (/usr/local/lib/node_modules/npm/lib/cache/add-named.js:274:12)
30 verbose stack     at next (/usr/local/lib/node_modules/npm/lib/cache/add-named.js:253:17)
30 verbose stack     at setData (/usr/local/lib/node_modules/npm/lib/cache/add-named.js:230:5)
30 verbose stack     at RES (/usr/local/lib/node_modules/npm/node_modules/inflight/inflight.js:23:14)
30 verbose stack     at f (/usr/local/lib/node_modules/npm/node_modules/once/once.js:17:25)
30 verbose stack     at fixName (/usr/local/lib/node_modules/npm/lib/cache/add-named.js:29:5)
30 verbose stack     at saved (/usr/local/lib/node_modules/npm/lib/cache/caching-client.js:173:7)
30 verbose stack     at FSReqWrap.oncomplete (fs.js:95:15)
31 verbose cwd /Users/ethanweeks/Documents/Development/personpage
32 error Darwin 14.5.0
33 error argv "node" "/usr/local/bin/npm" "install" "firebase-tools@^2.9.9" "-g"
34 error node v0.12.7
35 error npm  v2.12.1
36 error code ETARGET
37 error notarget No compatible version found: firebase-tools@'>=2.9.9 <3.0.0'
37 error notarget Valid install targets:
37 error notarget ["0.0.1","0.0.2","0.0.3","0.0.4","0.0.5","0.0.6","0.1.0","0.1.1","0.1.2","0.1.3","0.1.4","0.1.5","0.1.6","0.2.0","0.3.0","0.4.0","0.5.0","1.0.0","1.0.1","1.0.2","1.0.3","1.0.4","1.0.5","1.0.6","1.1.0","1.1.1","1.1.2","1.1.3","1.1.4","1.1.5","1.1.6","1.2.0","2.0.0","2.0.1","2.0.2","2.1.0","2.1.1","2.2.0","2.2.1","3.0.0","3.0.1","3.0.2"]
37 error notarget
37 error notarget This is most likely not a problem with npm itself.
37 error notarget In most cases you or one of your dependencies are requesting
37 error notarget a package version that doesn't exist.
38 verbose exit [ 1, true ]
